main.kt:-1
main.kt:20
main.kt:2
Complex.kt:17
main.kt:3
Complex.kt:-1
Complex.kt:2
Complex.kt:3
Complex.kt:4
Complex.kt:7
Complex.kt:8
Complex.kt:9
Complex.kt:14
Complex.kt:36
main.kt:4
Complex.kt:31
main.kt:6
PhoneBook.kt:3
main.kt:9
PhoneBook.kt:-1
PhoneBook.kt:14
PhoneBook.kt:15
PhoneBook.kt:16
main.kt:10
PhoneBook.kt:41
PhoneBook.kt:42
PhoneBook.kt:46
main.kt:11
main.kt:14
main.kt:18
PhoneBook.kt:43
main.kt:17
PhoneBook.kt:57
PhoneBook.kt:58
PhoneBook.kt:61
PhoneBook.kt:4
PhoneBook.kt:44
PhoneBook.kt:45
PhoneBook.kt:79
